


ARM Macro Assembler    Page 1 


    1 00000000         ;/******************************************************
                       ***********************
    2 00000000         ; * @file:    startup_LPC54606.s
    3 00000000         ; * @purpose: CMSIS Cortex-M4 Core Device Startup File f
                       or the
    4 00000000         ; *           LPC54606
    5 00000000         ; * @version: 1.2
    6 00000000         ; * @date:    2017-6-8
    7 00000000         ; *
    8 00000000         ; * Copyright 1997-2016 Freescale Semiconductor, Inc.
    9 00000000         ; * Copyright 2016-2017 NXP
   10 00000000         ; *
   11 00000000         ; * Redistribution and use in source and binary forms, w
                       ith or without modification,
   12 00000000         ; * are permitted provided that the following conditions
                        are met:
   13 00000000         ; *
   14 00000000         ; * 1. Redistributions of source code must retain the ab
                       ove copyright notice, this list
   15 00000000         ; *   of conditions and the following disclaimer.
   16 00000000         ; *
   17 00000000         ; * 2. Redistributions in binary form must reproduce the
                        above copyright notice, this
   18 00000000         ; *   list of conditions and the following disclaimer in
                        the documentation and/or
   19 00000000         ; *   other materials provided with the distribution.
   20 00000000         ; *
   21 00000000         ; * 3. Neither the name of the copyright holder nor the 
                       names of its
   22 00000000         ; *   contributors may be used to endorse or promote pro
                       ducts derived from this
   23 00000000         ; *   software without specific prior written permission
                       .
   24 00000000         ; *
   25 00000000         ; * THIS SOFTWARE IS PROVIDED BY THE COPYRIGHT HOLDERS A
                       ND CONTRIBUTORS "AS IS" AND
   26 00000000         ; * ANY EXPRESS OR IMPLIED WARRANTIES, INCLUDING, BUT NO
                       T LIMITED TO, THE IMPLIED
   27 00000000         ; * WARRANTIES OF MERCHANTABILITY AND FITNESS FOR A PART
                       ICULAR PURPOSE ARE
   28 00000000         ; * DISCLAIMED. IN NO EVENT SHALL THE COPYRIGHT HOLDER O
                       R CONTRIBUTORS BE LIABLE FOR
   29 00000000         ; * ANY DIRECT, INDIRECT, INCIDENTAL, SPECIAL, EXEMPLARY
                       , OR CONSEQUENTIAL DAMAGES
   30 00000000         ; * (INCLUDING, BUT NOT LIMITED TO, PROCUREMENT OF SUBST
                       ITUTE GOODS OR SERVICES;
   31 00000000         ; * LOSS OF USE, DATA, OR PROFITS; OR BUSINESS INTERRUPT
                       ION) HOWEVER CAUSED AND ON
   32 00000000         ; * ANY THEORY OF LIABILITY, WHETHER IN CONTRACT, STRICT
                        LIABILITY, OR TORT
   33 00000000         ; * (INCLUDING NEGLIGENCE OR OTHERWISE) ARISING IN ANY W
                       AY OUT OF THE USE OF THIS
   34 00000000         ; * SOFTWARE, EVEN IF ADVISED OF THE POSSIBILITY OF SUCH
                        DAMAGE.
   35 00000000         ; *
   36 00000000         ; * modified by Keil 2017-06-23
   37 00000000         ; *
   38 00000000         ; *------- <<< Use Configuration Wizard in Context Menu 
                       >>> ------------------



ARM Macro Assembler    Page 2 


   39 00000000         ; *
   40 00000000         ; ******************************************************
                       ***********************/
   41 00000000         
   42 00000000         ; <h> Stack Configuration
   43 00000000         ;   <o> Stack Size (in Bytes) <0x0-0xFFFFFFFF:8>
   44 00000000         ; </h>
   45 00000000         
   46 00000000 00002000 
                       Stack_Size
                               EQU              0x00002000
   47 00000000         
   48 00000000                 AREA             STACK, NOINIT, READWRITE, ALIGN
=3
   49 00000000         Stack_Mem
                               SPACE            Stack_Size
   50 00002000         __initial_sp
   51 00002000         
   52 00002000         
   53 00002000         ; <h> Heap Configuration
   54 00002000         ;   <o>  Heap Size (in Bytes) <0x0-0xFFFFFFFF:8>
   55 00002000         ; </h>
   56 00002000         
   57 00002000 00001000 
                       Heap_Size
                               EQU              0x00001000
   58 00002000         
   59 00002000                 AREA             HEAP, NOINIT, READWRITE, ALIGN=
3
   60 00000000         __heap_base
   61 00000000         Heap_Mem
                               SPACE            Heap_Size
   62 00001000         __heap_limit
   63 00001000         
   64 00001000                 PRESERVE8
   65 00001000                 THUMB
   66 00001000         
   67 00001000         ; Vector Table Mapped to Address 0 at Reset
   68 00001000                 AREA             RESET, DATA, READONLY
   69 00000000                 EXPORT           __Vectors
   70 00000000         
   71 00000000 00000000 
                       __Vectors
                               DCD              __initial_sp ; Top of Stack
   72 00000004 00000000        DCD              Reset_Handler ; Reset Handler
   73 00000008         
   74 00000008 00000000        DCD              NMI_Handler
   75 0000000C 00000000        DCD              HardFault_Handler
   76 00000010 00000000        DCD              MemManage_Handler
   77 00000014 00000000        DCD              BusFault_Handler
   78 00000018 00000000        DCD              UsageFault_Handler
   79 0000001C         __vector_table_0x1c
   80 0000001C 00000000        DCD              0           ; Checksum of the f
                                                            irst 7 words
   81 00000020 FFFFFFFF        DCD              0xFFFFFFFF  ; ECRP
   82 00000024 00000000        DCD              0           ; Enhanced image ma
                                                            rker, set to 0x0 fo
                                                            r legacy boot
   83 00000028 00000000        DCD              0           ; Pointer to enhanc



ARM Macro Assembler    Page 3 


                                                            ed boot block, set 
                                                            to 0x0 for legacy b
                                                            oot
   84 0000002C 00000000        DCD              SVC_Handler
   85 00000030 00000000        DCD              DebugMon_Handler
   86 00000034 00000000        DCD              0
   87 00000038 00000000        DCD              PendSV_Handler
   88 0000003C 00000000        DCD              SysTick_Handler
   89 00000040         
   90 00000040         ; External Interrupts
   91 00000040 00000000        DCD              WDT_BOD_IRQHandler ; Windowed w
                                                            atchdog timer, Brow
                                                            nout detect
   92 00000044 00000000        DCD              DMA0_IRQHandler 
                                                            ; DMA controller
   93 00000048 00000000        DCD              GINT0_IRQHandler ; GPIO group 0
                                                            
   94 0000004C 00000000        DCD              GINT1_IRQHandler ; GPIO group 1
                                                            
   95 00000050 00000000        DCD              PIN_INT0_IRQHandler ; Pin inter
                                                            rupt 0 or pattern m
                                                            atch engine slice 0
                                                            
   96 00000054 00000000        DCD              PIN_INT1_IRQHandler ; Pin inter
                                                            rupt 1or pattern ma
                                                            tch engine slice 1
   97 00000058 00000000        DCD              PIN_INT2_IRQHandler ; Pin inter
                                                            rupt 2 or pattern m
                                                            atch engine slice 2
                                                            
   98 0000005C 00000000        DCD              PIN_INT3_IRQHandler ; Pin inter
                                                            rupt 3 or pattern m
                                                            atch engine slice 3
                                                            
   99 00000060 00000000        DCD              UTICK0_IRQHandler 
                                                            ; Micro-tick Timer
  100 00000064 00000000        DCD              MRT0_IRQHandler 
                                                            ; Multi-rate timer
  101 00000068 00000000        DCD              CTIMER0_IRQHandler ; Standard c
                                                            ounter/timer CTIMER
                                                            0
  102 0000006C 00000000        DCD              CTIMER1_IRQHandler ; Standard c
                                                            ounter/timer CTIMER
                                                            1
  103 00000070 00000000        DCD              SCT0_IRQHandler ; SCTimer/PWM
  104 00000074 00000000        DCD              CTIMER3_IRQHandler ; Standard c
                                                            ounter/timer CTIMER
                                                            3
  105 00000078 00000000        DCD              FLEXCOMM0_IRQHandler ; Flexcomm
                                                             Interface 0 (USART
                                                            , SPI, I2C, FLEXCOM
                                                            M)
  106 0000007C 00000000        DCD              FLEXCOMM1_IRQHandler ; Flexcomm
                                                             Interface 1 (USART
                                                            , SPI, I2C, FLEXCOM
                                                            M)
  107 00000080 00000000        DCD              FLEXCOMM2_IRQHandler ; Flexcomm
                                                             Interface 2 (USART
                                                            , SPI, I2C, FLEXCOM



ARM Macro Assembler    Page 4 


                                                            M)
  108 00000084 00000000        DCD              FLEXCOMM3_IRQHandler ; Flexcomm
                                                             Interface 3 (USART
                                                            , SPI, I2C, FLEXCOM
                                                            M)
  109 00000088 00000000        DCD              FLEXCOMM4_IRQHandler ; Flexcomm
                                                             Interface 4 (USART
                                                            , SPI, I2C, FLEXCOM
                                                            M)
  110 0000008C 00000000        DCD              FLEXCOMM5_IRQHandler ; Flexcomm
                                                             Interface 5 (USART
                                                            , SPI, I2C,, FLEXCO
                                                            MM)
  111 00000090 00000000        DCD              FLEXCOMM6_IRQHandler ; Flexcomm
                                                             Interface 6 (USART
                                                            , SPI, I2C, I2S,, F
                                                            LEXCOMM)
  112 00000094 00000000        DCD              FLEXCOMM7_IRQHandler ; Flexcomm
                                                             Interface 7 (USART
                                                            , SPI, I2C, I2S,, F
                                                            LEXCOMM)
  113 00000098 00000000        DCD              ADC0_SEQA_IRQHandler ; ADC0 seq
                                                            uence A completion.
                                                            
  114 0000009C 00000000        DCD              ADC0_SEQB_IRQHandler ; ADC0 seq
                                                            uence B completion.
                                                            
  115 000000A0 00000000        DCD              ADC0_THCMP_IRQHandler ; ADC0 th
                                                            reshold compare and
                                                             error.
  116 000000A4 00000000        DCD              DMIC0_IRQHandler ; Digital micr
                                                            ophone and DMIC sub
                                                            system
  117 000000A8 00000000        DCD              HWVAD0_IRQHandler ; Hardware Vo
                                                            ice Activity Detect
                                                            or
  118 000000AC 00000000        DCD              USB0_NEEDCLK_IRQHandler ; USB A
                                                            ctivity Wake-up Int
                                                            errupt
  119 000000B0 00000000        DCD              USB0_IRQHandler ; USB device
  120 000000B4 00000000        DCD              RTC_IRQHandler ; RTC alarm and 
                                                            wake-up interrupts
  121 000000B8 00000000        DCD              Reserved46_IRQHandler ; Reserve
                                                            d interrupt
  122 000000BC 00000000        DCD              Reserved47_IRQHandler ; Reserve
                                                            d interrupt
  123 000000C0 00000000        DCD              PIN_INT4_IRQHandler ; Pin inter
                                                            rupt 4 or pattern m
                                                            atch engine slice 4
                                                             int
  124 000000C4 00000000        DCD              PIN_INT5_IRQHandler ; Pin inter
                                                            rupt 5 or pattern m
                                                            atch engine slice 5
                                                             int
  125 000000C8 00000000        DCD              PIN_INT6_IRQHandler ; Pin inter
                                                            rupt 6 or pattern m
                                                            atch engine slice 6
                                                             int
  126 000000CC 00000000        DCD              PIN_INT7_IRQHandler ; Pin inter



ARM Macro Assembler    Page 5 


                                                            rupt 7 or pattern m
                                                            atch engine slice 7
                                                             int
  127 000000D0 00000000        DCD              CTIMER2_IRQHandler ; Standard c
                                                            ounter/timer CTIMER
                                                            2
  128 000000D4 00000000        DCD              CTIMER4_IRQHandler ; Standard c
                                                            ounter/timer CTIMER
                                                            4
  129 000000D8 00000000        DCD              RIT_IRQHandler ; Repetitive Int
                                                            errupt Timer
  130 000000DC 00000000        DCD              SPIFI0_IRQHandler ; SPI flash i
                                                            nterface
  131 000000E0 00000000        DCD              FLEXCOMM8_IRQHandler ; Flexcomm
                                                             Interface 8 (USART
                                                            , SPI, I2C, FLEXCOM
                                                            M)
  132 000000E4 00000000        DCD              FLEXCOMM9_IRQHandler ; Flexcomm
                                                             Interface 9 (USART
                                                            , SPI, I2C, FLEXCOM
                                                            M)
  133 000000E8 00000000        DCD              SDIO_IRQHandler ; SD/MMC
  134 000000EC 00000000        DCD              CAN0_IRQ0_IRQHandler 
                                                            ; CAN0 interrupt0
  135 000000F0 00000000        DCD              CAN0_IRQ1_IRQHandler 
                                                            ; CAN0 interrupt1
  136 000000F4 00000000        DCD              CAN1_IRQ0_IRQHandler 
                                                            ; CAN1 interrupt0
  137 000000F8 00000000        DCD              CAN1_IRQ1_IRQHandler 
                                                            ; CAN1 interrupt1
  138 000000FC 00000000        DCD              USB1_IRQHandler 
                                                            ; USB1 interrupt
  139 00000100 00000000        DCD              USB1_NEEDCLK_IRQHandler 
                                                            ; USB1 activity
  140 00000104 00000000        DCD              ETHERNET_IRQHandler ; Ethernet
  141 00000108 00000000        DCD              ETHERNET_PMT_IRQHandler ; Ether
                                                            net power managemen
                                                            t interrupt
  142 0000010C 00000000        DCD              ETHERNET_MACLP_IRQHandler ; Eth
                                                            ernet MAC interrupt
                                                            
  143 00000110 00000000        DCD              EEPROM_IRQHandler 
                                                            ; EEPROM interrupt
  144 00000114 00000000        DCD              LCD_IRQHandler ; LCD interrupt
  145 00000118 00000000        DCD              SHA_IRQHandler ; SHA interrupt
  146 0000011C 00000000        DCD              SMARTCARD0_IRQHandler ; Smart c
                                                            ard 0 interrupt
  147 00000120 00000000        DCD              SMARTCARD1_IRQHandler ; Smart c
                                                            ard 1 interrupt
  148 00000124         
  149 00000124                 AREA             |.text|, CODE, READONLY
  150 00000000         
  151 00000000         ; Reset Handler
  152 00000000         Reset_Handler
                               PROC
  153 00000000                 EXPORT           Reset_Handler               [WE
AK]
  154 00000000                 IMPORT           SystemInit
  155 00000000                 IMPORT           __main



ARM Macro Assembler    Page 6 


  156 00000000         
  157 00000000 4842            LDR              r0, =SystemInit
  158 00000002 4780            BLX              r0
  159 00000004 4842            LDR              r0, =__main
  160 00000006 4700            BX               r0
  161 00000008                 ENDP
  162 00000008         
  163 00000008         ; Dummy Exception Handlers (infinite loops which can be 
                       modified)
  164 00000008         NMI_Handler
                               PROC
  165 00000008                 EXPORT           NMI_Handler               [WEAK
]
  166 00000008 E7FE            B                .
  167 0000000A                 ENDP
  168 0000000A         
  170 0000000A         HardFault_Handler
                               PROC
  171 0000000A                 EXPORT           HardFault_Handler         [WEAK
]
  172 0000000A E7FE            B                .
  173 0000000C                 ENDP
  174 0000000C         
  175 0000000C         MemManage_Handler
                               PROC
  176 0000000C                 EXPORT           MemManage_Handler         [WEAK
]
  177 0000000C E7FE            B                .
  178 0000000E                 ENDP
  179 0000000E         
  180 0000000E         BusFault_Handler
                               PROC
  181 0000000E                 EXPORT           BusFault_Handler          [WEAK
]
  182 0000000E E7FE            B                .
  183 00000010                 ENDP
  184 00000010         
  185 00000010         UsageFault_Handler
                               PROC
  186 00000010                 EXPORT           UsageFault_Handler        [WEAK
]
  187 00000010 E7FE            B                .
  188 00000012                 ENDP
  189 00000012         
  190 00000012         SVC_Handler
                               PROC
  191 00000012                 EXPORT           SVC_Handler               [WEAK
]
  192 00000012 E7FE            B                .
  193 00000014                 ENDP
  194 00000014         
  195 00000014         DebugMon_Handler
                               PROC
  196 00000014                 EXPORT           DebugMon_Handler          [WEAK
]
  197 00000014 E7FE            B                .
  198 00000016                 ENDP
  199 00000016         
  200 00000016         PendSV_Handler



ARM Macro Assembler    Page 7 


                               PROC
  201 00000016                 EXPORT           PendSV_Handler            [WEAK
]
  202 00000016 E7FE            B                .
  203 00000018                 ENDP
  204 00000018         
  205 00000018         SysTick_Handler
                               PROC
  206 00000018                 EXPORT           SysTick_Handler           [WEAK
]
  207 00000018 E7FE            B                .
  208 0000001A                 ENDP
  209 0000001A         
  211 0000001A         WDT_BOD_IRQHandler
                               PROC
  212 0000001A                 EXPORT           WDT_BOD_IRQHandler        [WEAK
]
  213 0000001A 483E            LDR              R0, =WDT_BOD_DriverIRQHandler
  214 0000001C 4700            BX               R0
  215 0000001E                 ENDP
  216 0000001E         
  218 0000001E         DMA0_IRQHandler
                               PROC
  219 0000001E                 EXPORT           DMA0_IRQHandler        [WEAK]
  220 0000001E 483E            LDR              R0, =DMA0_DriverIRQHandler
  221 00000020 4700            BX               R0
  222 00000022                 ENDP
  223 00000022         
  225 00000022         GINT0_IRQHandler
                               PROC
  226 00000022                 EXPORT           GINT0_IRQHandler        [WEAK]
  227 00000022 483E            LDR              R0, =GINT0_DriverIRQHandler
  228 00000024 4700            BX               R0
  229 00000026                 ENDP
  230 00000026         
  232 00000026         GINT1_IRQHandler
                               PROC
  233 00000026                 EXPORT           GINT1_IRQHandler        [WEAK]
  234 00000026 483E            LDR              R0, =GINT1_DriverIRQHandler
  235 00000028 4700            BX               R0
  236 0000002A                 ENDP
  237 0000002A         
  239 0000002A         PIN_INT0_IRQHandler
                               PROC
  240 0000002A                 EXPORT           PIN_INT0_IRQHandler        [WEA
K]
  241 0000002A 483E            LDR              R0, =PIN_INT0_DriverIRQHandler
  242 0000002C 4700            BX               R0
  243 0000002E                 ENDP
  244 0000002E         
  246 0000002E         PIN_INT1_IRQHandler
                               PROC
  247 0000002E                 EXPORT           PIN_INT1_IRQHandler        [WEA
K]
  248 0000002E 483E            LDR              R0, =PIN_INT1_DriverIRQHandler
  249 00000030 4700            BX               R0
  250 00000032                 ENDP
  251 00000032         
  253 00000032         PIN_INT2_IRQHandler



ARM Macro Assembler    Page 8 


                               PROC
  254 00000032                 EXPORT           PIN_INT2_IRQHandler        [WEA
K]
  255 00000032 483E            LDR              R0, =PIN_INT2_DriverIRQHandler
  256 00000034 4700            BX               R0
  257 00000036                 ENDP
  258 00000036         
  260 00000036         PIN_INT3_IRQHandler
                               PROC
  261 00000036                 EXPORT           PIN_INT3_IRQHandler        [WEA
K]
  262 00000036 483E            LDR              R0, =PIN_INT3_DriverIRQHandler
  263 00000038 4700            BX               R0
  264 0000003A                 ENDP
  265 0000003A         
  267 0000003A         UTICK0_IRQHandler
                               PROC
  268 0000003A                 EXPORT           UTICK0_IRQHandler        [WEAK]
  269 0000003A 483E            LDR              R0, =UTICK0_DriverIRQHandler
  270 0000003C 4700            BX               R0
  271 0000003E                 ENDP
  272 0000003E         
  274 0000003E         MRT0_IRQHandler
                               PROC
  275 0000003E                 EXPORT           MRT0_IRQHandler        [WEAK]
  276 0000003E 483E            LDR              R0, =MRT0_DriverIRQHandler
  277 00000040 4700            BX               R0
  278 00000042                 ENDP
  279 00000042         
  281 00000042         CTIMER0_IRQHandler
                               PROC
  282 00000042                 EXPORT           CTIMER0_IRQHandler        [WEAK
]
  283 00000042 483E            LDR              R0, =CTIMER0_DriverIRQHandler
  284 00000044 4700            BX               R0
  285 00000046                 ENDP
  286 00000046         
  288 00000046         CTIMER1_IRQHandler
                               PROC
  289 00000046                 EXPORT           CTIMER1_IRQHandler        [WEAK
]
  290 00000046 483E            LDR              R0, =CTIMER1_DriverIRQHandler
  291 00000048 4700            BX               R0
  292 0000004A                 ENDP
  293 0000004A         
  295 0000004A         SCT0_IRQHandler
                               PROC
  296 0000004A                 EXPORT           SCT0_IRQHandler        [WEAK]
  297 0000004A 483E            LDR              R0, =SCT0_DriverIRQHandler
  298 0000004C 4700            BX               R0
  299 0000004E                 ENDP
  300 0000004E         
  302 0000004E         CTIMER3_IRQHandler
                               PROC
  303 0000004E                 EXPORT           CTIMER3_IRQHandler        [WEAK
]
  304 0000004E 483E            LDR              R0, =CTIMER3_DriverIRQHandler
  305 00000050 4700            BX               R0
  306 00000052                 ENDP



ARM Macro Assembler    Page 9 


  307 00000052         
  309 00000052         FLEXCOMM0_IRQHandler
                               PROC
  310 00000052                 EXPORT           FLEXCOMM0_IRQHandler        [WE
AK]
  311 00000052 483E            LDR              R0, =FLEXCOMM0_DriverIRQHandler
  312 00000054 4700            BX               R0
  313 00000056                 ENDP
  314 00000056         
  316 00000056         FLEXCOMM1_IRQHandler
                               PROC
  317 00000056                 EXPORT           FLEXCOMM1_IRQHandler        [WE
AK]
  318 00000056 483E            LDR              R0, =FLEXCOMM1_DriverIRQHandler
  319 00000058 4700            BX               R0
  320 0000005A                 ENDP
  321 0000005A         
  323 0000005A         FLEXCOMM2_IRQHandler
                               PROC
  324 0000005A                 EXPORT           FLEXCOMM2_IRQHandler        [WE
AK]
  325 0000005A 483E            LDR              R0, =FLEXCOMM2_DriverIRQHandler
  326 0000005C 4700            BX               R0
  327 0000005E                 ENDP
  328 0000005E         
  330 0000005E         FLEXCOMM3_IRQHandler
                               PROC
  331 0000005E                 EXPORT           FLEXCOMM3_IRQHandler        [WE
AK]
  332 0000005E 483E            LDR              R0, =FLEXCOMM3_DriverIRQHandler
  333 00000060 4700            BX               R0
  334 00000062                 ENDP
  335 00000062         
  337 00000062         FLEXCOMM4_IRQHandler
                               PROC
  338 00000062                 EXPORT           FLEXCOMM4_IRQHandler        [WE
AK]
  339 00000062 483E            LDR              R0, =FLEXCOMM4_DriverIRQHandler
  340 00000064 4700            BX               R0
  341 00000066                 ENDP
  342 00000066         
  344 00000066         FLEXCOMM5_IRQHandler
                               PROC
  345 00000066                 EXPORT           FLEXCOMM5_IRQHandler        [WE
AK]
  346 00000066 483E            LDR              R0, =FLEXCOMM5_DriverIRQHandler
  347 00000068 4700            BX               R0
  348 0000006A                 ENDP
  349 0000006A         
  351 0000006A         FLEXCOMM6_IRQHandler
                               PROC
  352 0000006A                 EXPORT           FLEXCOMM6_IRQHandler        [WE
AK]
  353 0000006A 483E            LDR              R0, =FLEXCOMM6_DriverIRQHandler
  354 0000006C 4700            BX               R0
  355 0000006E                 ENDP
  356 0000006E         
  358 0000006E         FLEXCOMM7_IRQHandler
                               PROC



ARM Macro Assembler    Page 10 


  359 0000006E                 EXPORT           FLEXCOMM7_IRQHandler        [WE
AK]
  360 0000006E 483E            LDR              R0, =FLEXCOMM7_DriverIRQHandler
  361 00000070 4700            BX               R0
  362 00000072                 ENDP
  363 00000072         
  365 00000072         ADC0_SEQA_IRQHandler
                               PROC
  366 00000072                 EXPORT           ADC0_SEQA_IRQHandler        [WE
AK]
  367 00000072 483E            LDR              R0, =ADC0_SEQA_DriverIRQHandler
  368 00000074 4700            BX               R0
  369 00000076                 ENDP
  370 00000076         
  372 00000076         ADC0_SEQB_IRQHandler
                               PROC
  373 00000076                 EXPORT           ADC0_SEQB_IRQHandler        [WE
AK]
  374 00000076 483E            LDR              R0, =ADC0_SEQB_DriverIRQHandler
  375 00000078 4700            BX               R0
  376 0000007A                 ENDP
  377 0000007A         
  379 0000007A         ADC0_THCMP_IRQHandler
                               PROC
  380 0000007A                 EXPORT           ADC0_THCMP_IRQHandler        [W
EAK]
  381 0000007A 483E            LDR              R0, =ADC0_THCMP_DriverIRQHandle
r
  382 0000007C 4700            BX               R0
  383 0000007E                 ENDP
  384 0000007E         
  386 0000007E         DMIC0_IRQHandler
                               PROC
  387 0000007E                 EXPORT           DMIC0_IRQHandler        [WEAK]
  388 0000007E 483E            LDR              R0, =DMIC0_DriverIRQHandler
  389 00000080 4700            BX               R0
  390 00000082                 ENDP
  391 00000082         
  393 00000082         HWVAD0_IRQHandler
                               PROC
  394 00000082                 EXPORT           HWVAD0_IRQHandler        [WEAK]
  395 00000082 483E            LDR              R0, =HWVAD0_DriverIRQHandler
  396 00000084 4700            BX               R0
  397 00000086                 ENDP
  398 00000086         
  400 00000086         USB0_NEEDCLK_IRQHandler
                               PROC
  401 00000086                 EXPORT           USB0_NEEDCLK_IRQHandler        
[WEAK]
  402 00000086 483E            LDR              R0, =USB0_NEEDCLK_DriverIRQHand
ler
  403 00000088 4700            BX               R0
  404 0000008A                 ENDP
  405 0000008A         
  407 0000008A         USB0_IRQHandler
                               PROC
  408 0000008A                 EXPORT           USB0_IRQHandler        [WEAK]
  409 0000008A 483E            LDR              R0, =USB0_DriverIRQHandler
  410 0000008C 4700            BX               R0



ARM Macro Assembler    Page 11 


  411 0000008E                 ENDP
  412 0000008E         
  414 0000008E         RTC_IRQHandler
                               PROC
  415 0000008E                 EXPORT           RTC_IRQHandler        [WEAK]
  416 0000008E 483E            LDR              R0, =RTC_DriverIRQHandler
  417 00000090 4700            BX               R0
  418 00000092                 ENDP
  419 00000092         
  421 00000092         Reserved46_IRQHandler
                               PROC
  422 00000092                 EXPORT           Reserved46_IRQHandler        [W
EAK]
  423 00000092 483E            LDR              R0, =Reserved46_DriverIRQHandle
r
  424 00000094 4700            BX               R0
  425 00000096                 ENDP
  426 00000096         
  428 00000096         Reserved47_IRQHandler
                               PROC
  429 00000096                 EXPORT           Reserved47_IRQHandler        [W
EAK]
  430 00000096 483E            LDR              R0, =Reserved47_DriverIRQHandle
r
  431 00000098 4700            BX               R0
  432 0000009A                 ENDP
  433 0000009A         
  435 0000009A         PIN_INT4_IRQHandler
                               PROC
  436 0000009A                 EXPORT           PIN_INT4_IRQHandler        [WEA
K]
  437 0000009A 483E            LDR              R0, =PIN_INT4_DriverIRQHandler
  438 0000009C 4700            BX               R0
  439 0000009E                 ENDP
  440 0000009E         
  442 0000009E         PIN_INT5_IRQHandler
                               PROC
  443 0000009E                 EXPORT           PIN_INT5_IRQHandler        [WEA
K]
  444 0000009E 483E            LDR              R0, =PIN_INT5_DriverIRQHandler
  445 000000A0 4700            BX               R0
  446 000000A2                 ENDP
  447 000000A2         
  449 000000A2         PIN_INT6_IRQHandler
                               PROC
  450 000000A2                 EXPORT           PIN_INT6_IRQHandler        [WEA
K]
  451 000000A2 483E            LDR              R0, =PIN_INT6_DriverIRQHandler
  452 000000A4 4700            BX               R0
  453 000000A6                 ENDP
  454 000000A6         
  456 000000A6         PIN_INT7_IRQHandler
                               PROC
  457 000000A6                 EXPORT           PIN_INT7_IRQHandler        [WEA
K]
  458 000000A6 483E            LDR              R0, =PIN_INT7_DriverIRQHandler
  459 000000A8 4700            BX               R0
  460 000000AA                 ENDP
  461 000000AA         



ARM Macro Assembler    Page 12 


  463 000000AA         CTIMER2_IRQHandler
                               PROC
  464 000000AA                 EXPORT           CTIMER2_IRQHandler        [WEAK
]
  465 000000AA 483E            LDR              R0, =CTIMER2_DriverIRQHandler
  466 000000AC 4700            BX               R0
  467 000000AE                 ENDP
  468 000000AE         
  470 000000AE         CTIMER4_IRQHandler
                               PROC
  471 000000AE                 EXPORT           CTIMER4_IRQHandler        [WEAK
]
  472 000000AE 483E            LDR              R0, =CTIMER4_DriverIRQHandler
  473 000000B0 4700            BX               R0
  474 000000B2                 ENDP
  475 000000B2         
  477 000000B2         RIT_IRQHandler
                               PROC
  478 000000B2                 EXPORT           RIT_IRQHandler        [WEAK]
  479 000000B2 483E            LDR              R0, =RIT_DriverIRQHandler
  480 000000B4 4700            BX               R0
  481 000000B6                 ENDP
  482 000000B6         
  484 000000B6         SPIFI0_IRQHandler
                               PROC
  485 000000B6                 EXPORT           SPIFI0_IRQHandler        [WEAK]
  486 000000B6 483E            LDR              R0, =SPIFI0_DriverIRQHandler
  487 000000B8 4700            BX               R0
  488 000000BA                 ENDP
  489 000000BA         
  491 000000BA         FLEXCOMM8_IRQHandler
                               PROC
  492 000000BA                 EXPORT           FLEXCOMM8_IRQHandler        [WE
AK]
  493 000000BA 483E            LDR              R0, =FLEXCOMM8_DriverIRQHandler
  494 000000BC 4700            BX               R0
  495 000000BE                 ENDP
  496 000000BE         
  498 000000BE         FLEXCOMM9_IRQHandler
                               PROC
  499 000000BE                 EXPORT           FLEXCOMM9_IRQHandler        [WE
AK]
  500 000000BE 483E            LDR              R0, =FLEXCOMM9_DriverIRQHandler
  501 000000C0 4700            BX               R0
  502 000000C2                 ENDP
  503 000000C2         
  505 000000C2         SDIO_IRQHandler
                               PROC
  506 000000C2                 EXPORT           SDIO_IRQHandler        [WEAK]
  507 000000C2 483E            LDR              R0, =SDIO_DriverIRQHandler
  508 000000C4 4700            BX               R0
  509 000000C6                 ENDP
  510 000000C6         
  512 000000C6         CAN0_IRQ0_IRQHandler
                               PROC
  513 000000C6                 EXPORT           CAN0_IRQ0_IRQHandler        [WE
AK]
  514 000000C6 483E            LDR              R0, =CAN0_IRQ0_DriverIRQHandler
  515 000000C8 4700            BX               R0



ARM Macro Assembler    Page 13 


  516 000000CA                 ENDP
  517 000000CA         
  519 000000CA         CAN0_IRQ1_IRQHandler
                               PROC
  520 000000CA                 EXPORT           CAN0_IRQ1_IRQHandler        [WE
AK]
  521 000000CA 483E            LDR              R0, =CAN0_IRQ1_DriverIRQHandler
  522 000000CC 4700            BX               R0
  523 000000CE                 ENDP
  524 000000CE         
  526 000000CE         CAN1_IRQ0_IRQHandler
                               PROC
  527 000000CE                 EXPORT           CAN1_IRQ0_IRQHandler        [WE
AK]
  528 000000CE 483E            LDR              R0, =CAN1_IRQ0_DriverIRQHandler
  529 000000D0 4700            BX               R0
  530 000000D2                 ENDP
  531 000000D2         
  533 000000D2         CAN1_IRQ1_IRQHandler
                               PROC
  534 000000D2                 EXPORT           CAN1_IRQ1_IRQHandler        [WE
AK]
  535 000000D2 483E            LDR              R0, =CAN1_IRQ1_DriverIRQHandler
  536 000000D4 4700            BX               R0
  537 000000D6                 ENDP
  538 000000D6         
  540 000000D6         USB1_IRQHandler
                               PROC
  541 000000D6                 EXPORT           USB1_IRQHandler        [WEAK]
  542 000000D6 483E            LDR              R0, =USB1_DriverIRQHandler
  543 000000D8 4700            BX               R0
  544 000000DA                 ENDP
  545 000000DA         
  547 000000DA         USB1_NEEDCLK_IRQHandler
                               PROC
  548 000000DA                 EXPORT           USB1_NEEDCLK_IRQHandler        
[WEAK]
  549 000000DA 483E            LDR              R0, =USB1_NEEDCLK_DriverIRQHand
ler
  550 000000DC 4700            BX               R0
  551 000000DE                 ENDP
  552 000000DE         
  554 000000DE         ETHERNET_IRQHandler
                               PROC
  555 000000DE                 EXPORT           ETHERNET_IRQHandler        [WEA
K]
  556 000000DE 483E            LDR              R0, =ETHERNET_DriverIRQHandler
  557 000000E0 4700            BX               R0
  558 000000E2                 ENDP
  559 000000E2         
  561 000000E2         ETHERNET_PMT_IRQHandler
                               PROC
  562 000000E2                 EXPORT           ETHERNET_PMT_IRQHandler        
[WEAK]
  563 000000E2 483E            LDR              R0, =ETHERNET_PMT_DriverIRQHand
ler
  564 000000E4 4700            BX               R0
  565 000000E6                 ENDP
  566 000000E6         



ARM Macro Assembler    Page 14 


  568 000000E6         ETHERNET_MACLP_IRQHandler
                               PROC
  569 000000E6                 EXPORT           ETHERNET_MACLP_IRQHandler      
  [WEAK]
  570 000000E6 483E            LDR              R0, =ETHERNET_MACLP_DriverIRQHa
ndler
  571 000000E8 4700            BX               R0
  572 000000EA                 ENDP
  573 000000EA         
  575 000000EA         EEPROM_IRQHandler
                               PROC
  576 000000EA                 EXPORT           EEPROM_IRQHandler        [WEAK]
  577 000000EA 483E            LDR              R0, =EEPROM_DriverIRQHandler
  578 000000EC 4700            BX               R0
  579 000000EE                 ENDP
  580 000000EE         
  582 000000EE         LCD_IRQHandler
                               PROC
  583 000000EE                 EXPORT           LCD_IRQHandler        [WEAK]
  584 000000EE 483E            LDR              R0, =LCD_DriverIRQHandler
  585 000000F0 4700            BX               R0
  586 000000F2                 ENDP
  587 000000F2         
  589 000000F2         SHA_IRQHandler
                               PROC
  590 000000F2                 EXPORT           SHA_IRQHandler        [WEAK]
  591 000000F2 483E            LDR              R0, =SHA_DriverIRQHandler
  592 000000F4 4700            BX               R0
  593 000000F6                 ENDP
  594 000000F6         
  596 000000F6         SMARTCARD0_IRQHandler
                               PROC
  597 000000F6                 EXPORT           SMARTCARD0_IRQHandler        [W
EAK]
  598 000000F6 483E            LDR              R0, =SMARTCARD0_DriverIRQHandle
r
  599 000000F8 4700            BX               R0
  600 000000FA                 ENDP
  601 000000FA         
  603 000000FA         SMARTCARD1_IRQHandler
                               PROC
  604 000000FA                 EXPORT           SMARTCARD1_IRQHandler        [W
EAK]
  605 000000FA 483E            LDR              R0, =SMARTCARD1_DriverIRQHandle
r
  606 000000FC 4700            BX               R0
  607 000000FE                 ENDP
  608 000000FE         
  609 000000FE         Default_Handler
                               PROC
  610 000000FE                 EXPORT           WDT_BOD_DriverIRQHandler       
 [WEAK]
  611 000000FE                 EXPORT           DMA0_DriverIRQHandler        [W
EAK]
  612 000000FE                 EXPORT           GINT0_DriverIRQHandler        [
WEAK]
  613 000000FE                 EXPORT           GINT1_DriverIRQHandler        [
WEAK]
  614 000000FE                 EXPORT           PIN_INT0_DriverIRQHandler      



ARM Macro Assembler    Page 15 


  [WEAK]
  615 000000FE                 EXPORT           PIN_INT1_DriverIRQHandler      
  [WEAK]
  616 000000FE                 EXPORT           PIN_INT2_DriverIRQHandler      
  [WEAK]
  617 000000FE                 EXPORT           PIN_INT3_DriverIRQHandler      
  [WEAK]
  618 000000FE                 EXPORT           UTICK0_DriverIRQHandler        
[WEAK]
  619 000000FE                 EXPORT           MRT0_DriverIRQHandler        [W
EAK]
  620 000000FE                 EXPORT           CTIMER0_DriverIRQHandler       
 [WEAK]
  621 000000FE                 EXPORT           CTIMER1_DriverIRQHandler       
 [WEAK]
  622 000000FE                 EXPORT           SCT0_DriverIRQHandler        [W
EAK]
  623 000000FE                 EXPORT           CTIMER3_DriverIRQHandler       
 [WEAK]
  624 000000FE                 EXPORT           FLEXCOMM0_DriverIRQHandler     
   [WEAK]
  625 000000FE                 EXPORT           FLEXCOMM1_DriverIRQHandler     
   [WEAK]
  626 000000FE                 EXPORT           FLEXCOMM2_DriverIRQHandler     
   [WEAK]
  627 000000FE                 EXPORT           FLEXCOMM3_DriverIRQHandler     
   [WEAK]
  628 000000FE                 EXPORT           FLEXCOMM4_DriverIRQHandler     
   [WEAK]
  629 000000FE                 EXPORT           FLEXCOMM5_DriverIRQHandler     
   [WEAK]
  630 000000FE                 EXPORT           FLEXCOMM6_DriverIRQHandler     
   [WEAK]
  631 000000FE                 EXPORT           FLEXCOMM7_DriverIRQHandler     
   [WEAK]
  632 000000FE                 EXPORT           ADC0_SEQA_DriverIRQHandler     
   [WEAK]
  633 000000FE                 EXPORT           ADC0_SEQB_DriverIRQHandler     
   [WEAK]
  634 000000FE                 EXPORT           ADC0_THCMP_DriverIRQHandler    
    [WEAK]
  635 000000FE                 EXPORT           DMIC0_DriverIRQHandler        [
WEAK]
  636 000000FE                 EXPORT           HWVAD0_DriverIRQHandler        
[WEAK]
  637 000000FE                 EXPORT           USB0_NEEDCLK_DriverIRQHandler  
      [WEAK]
  638 000000FE                 EXPORT           USB0_DriverIRQHandler        [W
EAK]
  639 000000FE                 EXPORT           RTC_DriverIRQHandler        [WE
AK]
  640 000000FE                 EXPORT           Reserved46_DriverIRQHandler    
    [WEAK]
  641 000000FE                 EXPORT           Reserved47_DriverIRQHandler    
    [WEAK]
  642 000000FE                 EXPORT           PIN_INT4_DriverIRQHandler      
  [WEAK]
  643 000000FE                 EXPORT           PIN_INT5_DriverIRQHandler      
  [WEAK]



ARM Macro Assembler    Page 16 


  644 000000FE                 EXPORT           PIN_INT6_DriverIRQHandler      
  [WEAK]
  645 000000FE                 EXPORT           PIN_INT7_DriverIRQHandler      
  [WEAK]
  646 000000FE                 EXPORT           CTIMER2_DriverIRQHandler       
 [WEAK]
  647 000000FE                 EXPORT           CTIMER4_DriverIRQHandler       
 [WEAK]
  648 000000FE                 EXPORT           RIT_DriverIRQHandler        [WE
AK]
  649 000000FE                 EXPORT           SPIFI0_DriverIRQHandler        
[WEAK]
  650 000000FE                 EXPORT           FLEXCOMM8_DriverIRQHandler     
   [WEAK]
  651 000000FE                 EXPORT           FLEXCOMM9_DriverIRQHandler     
   [WEAK]
  652 000000FE                 EXPORT           SDIO_DriverIRQHandler        [W
EAK]
  653 000000FE                 EXPORT           CAN0_IRQ0_DriverIRQHandler     
   [WEAK]
  654 000000FE                 EXPORT           CAN0_IRQ1_DriverIRQHandler     
   [WEAK]
  655 000000FE                 EXPORT           CAN1_IRQ0_DriverIRQHandler     
   [WEAK]
  656 000000FE                 EXPORT           CAN1_IRQ1_DriverIRQHandler     
   [WEAK]
  657 000000FE                 EXPORT           USB1_DriverIRQHandler        [W
EAK]
  658 000000FE                 EXPORT           USB1_NEEDCLK_DriverIRQHandler  
      [WEAK]
  659 000000FE                 EXPORT           ETHERNET_DriverIRQHandler      
  [WEAK]
  660 000000FE                 EXPORT           ETHERNET_PMT_DriverIRQHandler  
      [WEAK]
  661 000000FE                 EXPORT           ETHERNET_MACLP_DriverIRQHandler
        [WEAK]
  662 000000FE                 EXPORT           EEPROM_DriverIRQHandler        
[WEAK]
  663 000000FE                 EXPORT           LCD_DriverIRQHandler        [WE
AK]
  664 000000FE                 EXPORT           SHA_DriverIRQHandler        [WE
AK]
  665 000000FE                 EXPORT           SMARTCARD0_DriverIRQHandler    
    [WEAK]
  666 000000FE                 EXPORT           SMARTCARD1_DriverIRQHandler    
    [WEAK]
  667 000000FE         
  668 000000FE         WDT_BOD_DriverIRQHandler
  669 000000FE         DMA0_DriverIRQHandler
  670 000000FE         GINT0_DriverIRQHandler
  671 000000FE         GINT1_DriverIRQHandler
  672 000000FE         PIN_INT0_DriverIRQHandler
  673 000000FE         PIN_INT1_DriverIRQHandler
  674 000000FE         PIN_INT2_DriverIRQHandler
  675 000000FE         PIN_INT3_DriverIRQHandler
  676 000000FE         UTICK0_DriverIRQHandler
  677 000000FE         MRT0_DriverIRQHandler
  678 000000FE         CTIMER0_DriverIRQHandler
  679 000000FE         CTIMER1_DriverIRQHandler



ARM Macro Assembler    Page 17 


  680 000000FE         SCT0_DriverIRQHandler
  681 000000FE         CTIMER3_DriverIRQHandler
  682 000000FE         FLEXCOMM0_DriverIRQHandler
  683 000000FE         FLEXCOMM1_DriverIRQHandler
  684 000000FE         FLEXCOMM2_DriverIRQHandler
  685 000000FE         FLEXCOMM3_DriverIRQHandler
  686 000000FE         FLEXCOMM4_DriverIRQHandler
  687 000000FE         FLEXCOMM5_DriverIRQHandler
  688 000000FE         FLEXCOMM6_DriverIRQHandler
  689 000000FE         FLEXCOMM7_DriverIRQHandler
  690 000000FE         ADC0_SEQA_DriverIRQHandler
  691 000000FE         ADC0_SEQB_DriverIRQHandler
  692 000000FE         ADC0_THCMP_DriverIRQHandler
  693 000000FE         DMIC0_DriverIRQHandler
  694 000000FE         HWVAD0_DriverIRQHandler
  695 000000FE         USB0_NEEDCLK_DriverIRQHandler
  696 000000FE         USB0_DriverIRQHandler
  697 000000FE         RTC_DriverIRQHandler
  698 000000FE         Reserved46_DriverIRQHandler
  699 000000FE         Reserved47_DriverIRQHandler
  700 000000FE         PIN_INT4_DriverIRQHandler
  701 000000FE         PIN_INT5_DriverIRQHandler
  702 000000FE         PIN_INT6_DriverIRQHandler
  703 000000FE         PIN_INT7_DriverIRQHandler
  704 000000FE         CTIMER2_DriverIRQHandler
  705 000000FE         CTIMER4_DriverIRQHandler
  706 000000FE         RIT_DriverIRQHandler
  707 000000FE         SPIFI0_DriverIRQHandler
  708 000000FE         FLEXCOMM8_DriverIRQHandler
  709 000000FE         FLEXCOMM9_DriverIRQHandler
  710 000000FE         SDIO_DriverIRQHandler
  711 000000FE         CAN0_IRQ0_DriverIRQHandler
  712 000000FE         CAN0_IRQ1_DriverIRQHandler
  713 000000FE         CAN1_IRQ0_DriverIRQHandler
  714 000000FE         CAN1_IRQ1_DriverIRQHandler
  715 000000FE         USB1_DriverIRQHandler
  716 000000FE         USB1_NEEDCLK_DriverIRQHandler
  717 000000FE         ETHERNET_DriverIRQHandler
  718 000000FE         ETHERNET_PMT_DriverIRQHandler
  719 000000FE         ETHERNET_MACLP_DriverIRQHandler
  720 000000FE         EEPROM_DriverIRQHandler
  721 000000FE         LCD_DriverIRQHandler
  722 000000FE         SHA_DriverIRQHandler
  723 000000FE         SMARTCARD0_DriverIRQHandler
  724 000000FE         SMARTCARD1_DriverIRQHandler
  725 000000FE         
  726 000000FE E7FE            B                .
  727 00000100         
  728 00000100                 ENDP
  729 00000100         
  730 00000100         
  731 00000100                 ALIGN
  732 00000100         
  733 00000100         
  734 00000100         ; User Initial Stack & Heap
  735 00000100         
  736 00000100                 IF               :DEF:__MICROLIB
  743 00000100         
  744 00000100                 IMPORT           __use_two_region_memory



ARM Macro Assembler    Page 18 


  745 00000100                 EXPORT           __user_initial_stackheap
  746 00000100         __user_initial_stackheap
  747 00000100         
  748 00000100 483D            LDR              R0, =  Heap_Mem
  749 00000102 493E            LDR              R1, =(Stack_Mem + Stack_Size)
  750 00000104 4A3E            LDR              R2, = (Heap_Mem +  Heap_Size)
  751 00000106 4B3F            LDR              R3, = Stack_Mem
  752 00000108 4770            BX               LR
  753 0000010A         
  754 0000010A 00 00           ALIGN
  755 0000010C         
  756 0000010C                 ENDIF
  757 0000010C         
  758 0000010C         
  759 0000010C                 END
              00000000 
              00000000 
              00000000 
              00000000 
              00000000 
              00000000 
              00000000 
              00000000 
              00000000 
              00000000 
              00000000 
              00000000 
              00000000 
              00000000 
              00000000 
              00000000 
              00000000 
              00000000 
              00000000 
              00000000 
              00000000 
              00000000 
              00000000 
              00000000 
              00000000 
              00000000 
              00000000 
              00000000 
              00000000 
              00000000 
              00000000 
              00000000 
              00000000 
              00000000 
              00000000 
              00000000 
              00000000 
              00000000 
              00000000 
              00000000 
              00000000 
              00000000 
              00000000 
              00000000 



ARM Macro Assembler    Page 19 


              00000000 
              00000000 
              00000000 
              00000000 
              00000000 
              00000000 
              00000000 
              00000000 
              00000000 
              00000000 
              00000000 
              00000000 
              00000000 
              00000000 
              00000000 
              00000000 
              00002000 
              00001000 
              00000000 
Command Line: --debug --xref --diag_suppress=9931 --cpu=Cortex-M4.fp --apcs=int
erwork --depend=.\objects\startup_lpc54606.d -o.\objects\startup_lpc54606.o -I.
\RTE\_SeekFree_LPC546XX -I"D:\Keil\Keil for MDK\ARM\PACK\Keil\LPC54000_DFP\2.6.
0\Device\Include" -I"D:\Keil\Keil for MDK\ARM\CMSIS\Include" --predefine="__UVI
SION_VERSION SETA 523" --predefine="LPC54606 SETA 1" --list=.\listings\startup_
lpc54606.lst CMSIS\startup_LPC54606.s



ARM Macro Assembler    Page 1 Alphabetic symbol ordering
Relocatable symbols

STACK 00000000

Symbol: STACK
   Definitions
      At line 48 in file CMSIS\startup_LPC54606.s
   Uses
      None
Comment: STACK unused
Stack_Mem 00000000

Symbol: Stack_Mem
   Definitions
      At line 49 in file CMSIS\startup_LPC54606.s
   Uses
      At line 749 in file CMSIS\startup_LPC54606.s
      At line 751 in file CMSIS\startup_LPC54606.s

__initial_sp 00002000

Symbol: __initial_sp
   Definitions
      At line 50 in file CMSIS\startup_LPC54606.s
   Uses
      At line 71 in file CMSIS\startup_LPC54606.s
Comment: __initial_sp used once
3 symbols



ARM Macro Assembler    Page 1 Alphabetic symbol ordering
Relocatable symbols

HEAP 00000000

Symbol: HEAP
   Definitions
      At line 59 in file CMSIS\startup_LPC54606.s
   Uses
      None
Comment: HEAP unused
Heap_Mem 00000000

Symbol: Heap_Mem
   Definitions
      At line 61 in file CMSIS\startup_LPC54606.s
   Uses
      At line 748 in file CMSIS\startup_LPC54606.s
      At line 750 in file CMSIS\startup_LPC54606.s

__heap_base 00000000

Symbol: __heap_base
   Definitions
      At line 60 in file CMSIS\startup_LPC54606.s
   Uses
      None
Comment: __heap_base unused
__heap_limit 00001000

Symbol: __heap_limit
   Definitions
      At line 62 in file CMSIS\startup_LPC54606.s
   Uses
      None
Comment: __heap_limit unused
4 symbols



ARM Macro Assembler    Page 1 Alphabetic symbol ordering
Relocatable symbols

RESET 00000000

Symbol: RESET
   Definitions
      At line 68 in file CMSIS\startup_LPC54606.s
   Uses
      None
Comment: RESET unused
__Vectors 00000000

Symbol: __Vectors
   Definitions
      At line 71 in file CMSIS\startup_LPC54606.s
   Uses
      At line 69 in file CMSIS\startup_LPC54606.s
Comment: __Vectors used once
__vector_table_0x1c 0000001C

Symbol: __vector_table_0x1c
   Definitions
      At line 79 in file CMSIS\startup_LPC54606.s
   Uses
      None
Comment: __vector_table_0x1c unused
3 symbols



ARM Macro Assembler    Page 1 Alphabetic symbol ordering
Relocatable symbols

.text 00000000

Symbol: .text
   Definitions
      At line 149 in file CMSIS\startup_LPC54606.s
   Uses
      None
Comment: .text unused
ADC0_SEQA_DriverIRQHandler 000000FE

Symbol: ADC0_SEQA_DriverIRQHandler
   Definitions
      At line 690 in file CMSIS\startup_LPC54606.s
   Uses
      At line 367 in file CMSIS\startup_LPC54606.s
      At line 632 in file CMSIS\startup_LPC54606.s

ADC0_SEQA_IRQHandler 00000072

Symbol: ADC0_SEQA_IRQHandler
   Definitions
      At line 365 in file CMSIS\startup_LPC54606.s
   Uses
      At line 113 in file CMSIS\startup_LPC54606.s
      At line 366 in file CMSIS\startup_LPC54606.s

ADC0_SEQB_DriverIRQHandler 000000FE

Symbol: ADC0_SEQB_DriverIRQHandler
   Definitions
      At line 691 in file CMSIS\startup_LPC54606.s
   Uses
      At line 374 in file CMSIS\startup_LPC54606.s
      At line 633 in file CMSIS\startup_LPC54606.s

ADC0_SEQB_IRQHandler 00000076

Symbol: ADC0_SEQB_IRQHandler
   Definitions
      At line 372 in file CMSIS\startup_LPC54606.s
   Uses
      At line 114 in file CMSIS\startup_LPC54606.s
      At line 373 in file CMSIS\startup_LPC54606.s

ADC0_THCMP_DriverIRQHandler 000000FE

Symbol: ADC0_THCMP_DriverIRQHandler
   Definitions
      At line 692 in file CMSIS\startup_LPC54606.s
   Uses
      At line 381 in file CMSIS\startup_LPC54606.s
      At line 634 in file CMSIS\startup_LPC54606.s

ADC0_THCMP_IRQHandler 0000007A

Symbol: ADC0_THCMP_IRQHandler
   Definitions
      At line 379 in file CMSIS\startup_LPC54606.s
   Uses



ARM Macro Assembler    Page 2 Alphabetic symbol ordering
Relocatable symbols

      At line 115 in file CMSIS\startup_LPC54606.s
      At line 380 in file CMSIS\startup_LPC54606.s

BusFault_Handler 0000000E

Symbol: BusFault_Handler
   Definitions
      At line 180 in file CMSIS\startup_LPC54606.s
   Uses
      At line 77 in file CMSIS\startup_LPC54606.s
      At line 181 in file CMSIS\startup_LPC54606.s

CAN0_IRQ0_DriverIRQHandler 000000FE

Symbol: CAN0_IRQ0_DriverIRQHandler
   Definitions
      At line 711 in file CMSIS\startup_LPC54606.s
   Uses
      At line 514 in file CMSIS\startup_LPC54606.s
      At line 653 in file CMSIS\startup_LPC54606.s

CAN0_IRQ0_IRQHandler 000000C6

Symbol: CAN0_IRQ0_IRQHandler
   Definitions
      At line 512 in file CMSIS\startup_LPC54606.s
   Uses
      At line 134 in file CMSIS\startup_LPC54606.s
      At line 513 in file CMSIS\startup_LPC54606.s

CAN0_IRQ1_DriverIRQHandler 000000FE

Symbol: CAN0_IRQ1_DriverIRQHandler
   Definitions
      At line 712 in file CMSIS\startup_LPC54606.s
   Uses
      At line 521 in file CMSIS\startup_LPC54606.s
      At line 654 in file CMSIS\startup_LPC54606.s

CAN0_IRQ1_IRQHandler 000000CA

Symbol: CAN0_IRQ1_IRQHandler
   Definitions
      At line 519 in file CMSIS\startup_LPC54606.s
   Uses
      At line 135 in file CMSIS\startup_LPC54606.s
      At line 520 in file CMSIS\startup_LPC54606.s

CAN1_IRQ0_DriverIRQHandler 000000FE

Symbol: CAN1_IRQ0_DriverIRQHandler
   Definitions
      At line 713 in file CMSIS\startup_LPC54606.s
   Uses
      At line 528 in file CMSIS\startup_LPC54606.s
      At line 655 in file CMSIS\startup_LPC54606.s

CAN1_IRQ0_IRQHandler 000000CE




ARM Macro Assembler    Page 3 Alphabetic symbol ordering
Relocatable symbols

Symbol: CAN1_IRQ0_IRQHandler
   Definitions
      At line 526 in file CMSIS\startup_LPC54606.s
   Uses
      At line 136 in file CMSIS\startup_LPC54606.s
      At line 527 in file CMSIS\startup_LPC54606.s

CAN1_IRQ1_DriverIRQHandler 000000FE

Symbol: CAN1_IRQ1_DriverIRQHandler
   Definitions
      At line 714 in file CMSIS\startup_LPC54606.s
   Uses
      At line 535 in file CMSIS\startup_LPC54606.s
      At line 656 in file CMSIS\startup_LPC54606.s

CAN1_IRQ1_IRQHandler 000000D2

Symbol: CAN1_IRQ1_IRQHandler
   Definitions
      At line 533 in file CMSIS\startup_LPC54606.s
   Uses
      At line 137 in file CMSIS\startup_LPC54606.s
      At line 534 in file CMSIS\startup_LPC54606.s

CTIMER0_DriverIRQHandler 000000FE

Symbol: CTIMER0_DriverIRQHandler
   Definitions
      At line 678 in file CMSIS\startup_LPC54606.s
   Uses
      At line 283 in file CMSIS\startup_LPC54606.s
      At line 620 in file CMSIS\startup_LPC54606.s

CTIMER0_IRQHandler 00000042

Symbol: CTIMER0_IRQHandler
   Definitions
      At line 281 in file CMSIS\startup_LPC54606.s
   Uses
      At line 101 in file CMSIS\startup_LPC54606.s
      At line 282 in file CMSIS\startup_LPC54606.s

CTIMER1_DriverIRQHandler 000000FE

Symbol: CTIMER1_DriverIRQHandler
   Definitions
      At line 679 in file CMSIS\startup_LPC54606.s
   Uses
      At line 290 in file CMSIS\startup_LPC54606.s
      At line 621 in file CMSIS\startup_LPC54606.s

CTIMER1_IRQHandler 00000046

Symbol: CTIMER1_IRQHandler
   Definitions
      At line 288 in file CMSIS\startup_LPC54606.s
   Uses
      At line 102 in file CMSIS\startup_LPC54606.s



ARM Macro Assembler    Page 4 Alphabetic symbol ordering
Relocatable symbols

      At line 289 in file CMSIS\startup_LPC54606.s

CTIMER2_DriverIRQHandler 000000FE

Symbol: CTIMER2_DriverIRQHandler
   Definitions
      At line 704 in file CMSIS\startup_LPC54606.s
   Uses
      At line 465 in file CMSIS\startup_LPC54606.s
      At line 646 in file CMSIS\startup_LPC54606.s

CTIMER2_IRQHandler 000000AA

Symbol: CTIMER2_IRQHandler
   Definitions
      At line 463 in file CMSIS\startup_LPC54606.s
   Uses
      At line 127 in file CMSIS\startup_LPC54606.s
      At line 464 in file CMSIS\startup_LPC54606.s

CTIMER3_DriverIRQHandler 000000FE

Symbol: CTIMER3_DriverIRQHandler
   Definitions
      At line 681 in file CMSIS\startup_LPC54606.s
   Uses
      At line 304 in file CMSIS\startup_LPC54606.s
      At line 623 in file CMSIS\startup_LPC54606.s

CTIMER3_IRQHandler 0000004E

Symbol: CTIMER3_IRQHandler
   Definitions
      At line 302 in file CMSIS\startup_LPC54606.s
   Uses
      At line 104 in file CMSIS\startup_LPC54606.s
      At line 303 in file CMSIS\startup_LPC54606.s

CTIMER4_DriverIRQHandler 000000FE

Symbol: CTIMER4_DriverIRQHandler
   Definitions
      At line 705 in file CMSIS\startup_LPC54606.s
   Uses
      At line 472 in file CMSIS\startup_LPC54606.s
      At line 647 in file CMSIS\startup_LPC54606.s

CTIMER4_IRQHandler 000000AE

Symbol: CTIMER4_IRQHandler
   Definitions
      At line 470 in file CMSIS\startup_LPC54606.s
   Uses
      At line 128 in file CMSIS\startup_LPC54606.s
      At line 471 in file CMSIS\startup_LPC54606.s

DMA0_DriverIRQHandler 000000FE

Symbol: DMA0_DriverIRQHandler



ARM Macro Assembler    Page 5 Alphabetic symbol ordering
Relocatable symbols

   Definitions
      At line 669 in file CMSIS\startup_LPC54606.s
   Uses
      At line 220 in file CMSIS\startup_LPC54606.s
      At line 611 in file CMSIS\startup_LPC54606.s

DMA0_IRQHandler 0000001E

Symbol: DMA0_IRQHandler
   Definitions
      At line 218 in file CMSIS\startup_LPC54606.s
   Uses
      At line 92 in file CMSIS\startup_LPC54606.s
      At line 219 in file CMSIS\startup_LPC54606.s

DMIC0_DriverIRQHandler 000000FE

Symbol: DMIC0_DriverIRQHandler
   Definitions
      At line 693 in file CMSIS\startup_LPC54606.s
   Uses
      At line 388 in file CMSIS\startup_LPC54606.s
      At line 635 in file CMSIS\startup_LPC54606.s

DMIC0_IRQHandler 0000007E

Symbol: DMIC0_IRQHandler
   Definitions
      At line 386 in file CMSIS\startup_LPC54606.s
   Uses
      At line 116 in file CMSIS\startup_LPC54606.s
      At line 387 in file CMSIS\startup_LPC54606.s

DebugMon_Handler 00000014

Symbol: DebugMon_Handler
   Definitions
      At line 195 in file CMSIS\startup_LPC54606.s
   Uses
      At line 85 in file CMSIS\startup_LPC54606.s
      At line 196 in file CMSIS\startup_LPC54606.s

Default_Handler 000000FE

Symbol: Default_Handler
   Definitions
      At line 609 in file CMSIS\startup_LPC54606.s
   Uses
      None
Comment: Default_Handler unused
EEPROM_DriverIRQHandler 000000FE

Symbol: EEPROM_DriverIRQHandler
   Definitions
      At line 720 in file CMSIS\startup_LPC54606.s
   Uses
      At line 577 in file CMSIS\startup_LPC54606.s
      At line 662 in file CMSIS\startup_LPC54606.s




ARM Macro Assembler    Page 6 Alphabetic symbol ordering
Relocatable symbols

EEPROM_IRQHandler 000000EA

Symbol: EEPROM_IRQHandler
   Definitions
      At line 575 in file CMSIS\startup_LPC54606.s
   Uses
      At line 143 in file CMSIS\startup_LPC54606.s
      At line 576 in file CMSIS\startup_LPC54606.s

ETHERNET_DriverIRQHandler 000000FE

Symbol: ETHERNET_DriverIRQHandler
   Definitions
      At line 717 in file CMSIS\startup_LPC54606.s
   Uses
      At line 556 in file CMSIS\startup_LPC54606.s
      At line 659 in file CMSIS\startup_LPC54606.s

ETHERNET_IRQHandler 000000DE

Symbol: ETHERNET_IRQHandler
   Definitions
      At line 554 in file CMSIS\startup_LPC54606.s
   Uses
      At line 140 in file CMSIS\startup_LPC54606.s
      At line 555 in file CMSIS\startup_LPC54606.s

ETHERNET_MACLP_DriverIRQHandler 000000FE

Symbol: ETHERNET_MACLP_DriverIRQHandler
   Definitions
      At line 719 in file CMSIS\startup_LPC54606.s
   Uses
      At line 570 in file CMSIS\startup_LPC54606.s
      At line 661 in file CMSIS\startup_LPC54606.s

ETHERNET_MACLP_IRQHandler 000000E6

Symbol: ETHERNET_MACLP_IRQHandler
   Definitions
      At line 568 in file CMSIS\startup_LPC54606.s
   Uses
      At line 142 in file CMSIS\startup_LPC54606.s
      At line 569 in file CMSIS\startup_LPC54606.s

ETHERNET_PMT_DriverIRQHandler 000000FE

Symbol: ETHERNET_PMT_DriverIRQHandler
   Definitions
      At line 718 in file CMSIS\startup_LPC54606.s
   Uses
      At line 563 in file CMSIS\startup_LPC54606.s
      At line 660 in file CMSIS\startup_LPC54606.s

ETHERNET_PMT_IRQHandler 000000E2

Symbol: ETHERNET_PMT_IRQHandler
   Definitions
      At line 561 in file CMSIS\startup_LPC54606.s



ARM Macro Assembler    Page 7 Alphabetic symbol ordering
Relocatable symbols

   Uses
      At line 141 in file CMSIS\startup_LPC54606.s
      At line 562 in file CMSIS\startup_LPC54606.s

FLEXCOMM0_DriverIRQHandler 000000FE

Symbol: FLEXCOMM0_DriverIRQHandler
   Definitions
      At line 682 in file CMSIS\startup_LPC54606.s
   Uses
      At line 311 in file CMSIS\startup_LPC54606.s
      At line 624 in file CMSIS\startup_LPC54606.s

FLEXCOMM0_IRQHandler 00000052

Symbol: FLEXCOMM0_IRQHandler
   Definitions
      At line 309 in file CMSIS\startup_LPC54606.s
   Uses
      At line 105 in file CMSIS\startup_LPC54606.s
      At line 310 in file CMSIS\startup_LPC54606.s

FLEXCOMM1_DriverIRQHandler 000000FE

Symbol: FLEXCOMM1_DriverIRQHandler
   Definitions
      At line 683 in file CMSIS\startup_LPC54606.s
   Uses
      At line 318 in file CMSIS\startup_LPC54606.s
      At line 625 in file CMSIS\startup_LPC54606.s

FLEXCOMM1_IRQHandler 00000056

Symbol: FLEXCOMM1_IRQHandler
   Definitions
      At line 316 in file CMSIS\startup_LPC54606.s
   Uses
      At line 106 in file CMSIS\startup_LPC54606.s
      At line 317 in file CMSIS\startup_LPC54606.s

FLEXCOMM2_DriverIRQHandler 000000FE

Symbol: FLEXCOMM2_DriverIRQHandler
   Definitions
      At line 684 in file CMSIS\startup_LPC54606.s
   Uses
      At line 325 in file CMSIS\startup_LPC54606.s
      At line 626 in file CMSIS\startup_LPC54606.s

FLEXCOMM2_IRQHandler 0000005A

Symbol: FLEXCOMM2_IRQHandler
   Definitions
      At line 323 in file CMSIS\startup_LPC54606.s
   Uses
      At line 107 in file CMSIS\startup_LPC54606.s
      At line 324 in file CMSIS\startup_LPC54606.s

FLEXCOMM3_DriverIRQHandler 000000FE



ARM Macro Assembler    Page 8 Alphabetic symbol ordering
Relocatable symbols


Symbol: FLEXCOMM3_DriverIRQHandler
   Definitions
      At line 685 in file CMSIS\startup_LPC54606.s
   Uses
      At line 332 in file CMSIS\startup_LPC54606.s
      At line 627 in file CMSIS\startup_LPC54606.s

FLEXCOMM3_IRQHandler 0000005E

Symbol: FLEXCOMM3_IRQHandler
   Definitions
      At line 330 in file CMSIS\startup_LPC54606.s
   Uses
      At line 108 in file CMSIS\startup_LPC54606.s
      At line 331 in file CMSIS\startup_LPC54606.s

FLEXCOMM4_DriverIRQHandler 000000FE

Symbol: FLEXCOMM4_DriverIRQHandler
   Definitions
      At line 686 in file CMSIS\startup_LPC54606.s
   Uses
      At line 339 in file CMSIS\startup_LPC54606.s
      At line 628 in file CMSIS\startup_LPC54606.s

FLEXCOMM4_IRQHandler 00000062

Symbol: FLEXCOMM4_IRQHandler
   Definitions
      At line 337 in file CMSIS\startup_LPC54606.s
   Uses
      At line 109 in file CMSIS\startup_LPC54606.s
      At line 338 in file CMSIS\startup_LPC54606.s

FLEXCOMM5_DriverIRQHandler 000000FE

Symbol: FLEXCOMM5_DriverIRQHandler
   Definitions
      At line 687 in file CMSIS\startup_LPC54606.s
   Uses
      At line 346 in file CMSIS\startup_LPC54606.s
      At line 629 in file CMSIS\startup_LPC54606.s

FLEXCOMM5_IRQHandler 00000066

Symbol: FLEXCOMM5_IRQHandler
   Definitions
      At line 344 in file CMSIS\startup_LPC54606.s
   Uses
      At line 110 in file CMSIS\startup_LPC54606.s
      At line 345 in file CMSIS\startup_LPC54606.s

FLEXCOMM6_DriverIRQHandler 000000FE

Symbol: FLEXCOMM6_DriverIRQHandler
   Definitions
      At line 688 in file CMSIS\startup_LPC54606.s
   Uses



ARM Macro Assembler    Page 9 Alphabetic symbol ordering
Relocatable symbols

      At line 353 in file CMSIS\startup_LPC54606.s
      At line 630 in file CMSIS\startup_LPC54606.s

FLEXCOMM6_IRQHandler 0000006A

Symbol: FLEXCOMM6_IRQHandler
   Definitions
      At line 351 in file CMSIS\startup_LPC54606.s
   Uses
      At line 111 in file CMSIS\startup_LPC54606.s
      At line 352 in file CMSIS\startup_LPC54606.s

FLEXCOMM7_DriverIRQHandler 000000FE

Symbol: FLEXCOMM7_DriverIRQHandler
   Definitions
      At line 689 in file CMSIS\startup_LPC54606.s
   Uses
      At line 360 in file CMSIS\startup_LPC54606.s
      At line 631 in file CMSIS\startup_LPC54606.s

FLEXCOMM7_IRQHandler 0000006E

Symbol: FLEXCOMM7_IRQHandler
   Definitions
      At line 358 in file CMSIS\startup_LPC54606.s
   Uses
      At line 112 in file CMSIS\startup_LPC54606.s
      At line 359 in file CMSIS\startup_LPC54606.s

FLEXCOMM8_DriverIRQHandler 000000FE

Symbol: FLEXCOMM8_DriverIRQHandler
   Definitions
      At line 708 in file CMSIS\startup_LPC54606.s
   Uses
      At line 493 in file CMSIS\startup_LPC54606.s
      At line 650 in file CMSIS\startup_LPC54606.s

FLEXCOMM8_IRQHandler 000000BA

Symbol: FLEXCOMM8_IRQHandler
   Definitions
      At line 491 in file CMSIS\startup_LPC54606.s
   Uses
      At line 131 in file CMSIS\startup_LPC54606.s
      At line 492 in file CMSIS\startup_LPC54606.s

FLEXCOMM9_DriverIRQHandler 000000FE

Symbol: FLEXCOMM9_DriverIRQHandler
   Definitions
      At line 709 in file CMSIS\startup_LPC54606.s
   Uses
      At line 500 in file CMSIS\startup_LPC54606.s
      At line 651 in file CMSIS\startup_LPC54606.s

FLEXCOMM9_IRQHandler 000000BE




ARM Macro Assembler    Page 10 Alphabetic symbol ordering
Relocatable symbols

Symbol: FLEXCOMM9_IRQHandler
   Definitions
      At line 498 in file CMSIS\startup_LPC54606.s
   Uses
      At line 132 in file CMSIS\startup_LPC54606.s
      At line 499 in file CMSIS\startup_LPC54606.s

GINT0_DriverIRQHandler 000000FE

Symbol: GINT0_DriverIRQHandler
   Definitions
      At line 670 in file CMSIS\startup_LPC54606.s
   Uses
      At line 227 in file CMSIS\startup_LPC54606.s
      At line 612 in file CMSIS\startup_LPC54606.s

GINT0_IRQHandler 00000022

Symbol: GINT0_IRQHandler
   Definitions
      At line 225 in file CMSIS\startup_LPC54606.s
   Uses
      At line 93 in file CMSIS\startup_LPC54606.s
      At line 226 in file CMSIS\startup_LPC54606.s

GINT1_DriverIRQHandler 000000FE

Symbol: GINT1_DriverIRQHandler
   Definitions
      At line 671 in file CMSIS\startup_LPC54606.s
   Uses
      At line 234 in file CMSIS\startup_LPC54606.s
      At line 613 in file CMSIS\startup_LPC54606.s

GINT1_IRQHandler 00000026

Symbol: GINT1_IRQHandler
   Definitions
      At line 232 in file CMSIS\startup_LPC54606.s
   Uses
      At line 94 in file CMSIS\startup_LPC54606.s
      At line 233 in file CMSIS\startup_LPC54606.s

HWVAD0_DriverIRQHandler 000000FE

Symbol: HWVAD0_DriverIRQHandler
   Definitions
      At line 694 in file CMSIS\startup_LPC54606.s
   Uses
      At line 395 in file CMSIS\startup_LPC54606.s
      At line 636 in file CMSIS\startup_LPC54606.s

HWVAD0_IRQHandler 00000082

Symbol: HWVAD0_IRQHandler
   Definitions
      At line 393 in file CMSIS\startup_LPC54606.s
   Uses
      At line 117 in file CMSIS\startup_LPC54606.s



ARM Macro Assembler    Page 11 Alphabetic symbol ordering
Relocatable symbols

      At line 394 in file CMSIS\startup_LPC54606.s

HardFault_Handler 0000000A

Symbol: HardFault_Handler
   Definitions
      At line 170 in file CMSIS\startup_LPC54606.s
   Uses
      At line 75 in file CMSIS\startup_LPC54606.s
      At line 171 in file CMSIS\startup_LPC54606.s

LCD_DriverIRQHandler 000000FE

Symbol: LCD_DriverIRQHandler
   Definitions
      At line 721 in file CMSIS\startup_LPC54606.s
   Uses
      At line 584 in file CMSIS\startup_LPC54606.s
      At line 663 in file CMSIS\startup_LPC54606.s

LCD_IRQHandler 000000EE

Symbol: LCD_IRQHandler
   Definitions
      At line 582 in file CMSIS\startup_LPC54606.s
   Uses
      At line 144 in file CMSIS\startup_LPC54606.s
      At line 583 in file CMSIS\startup_LPC54606.s

MRT0_DriverIRQHandler 000000FE

Symbol: MRT0_DriverIRQHandler
   Definitions
      At line 677 in file CMSIS\startup_LPC54606.s
   Uses
      At line 276 in file CMSIS\startup_LPC54606.s
      At line 619 in file CMSIS\startup_LPC54606.s

MRT0_IRQHandler 0000003E

Symbol: MRT0_IRQHandler
   Definitions
      At line 274 in file CMSIS\startup_LPC54606.s
   Uses
      At line 100 in file CMSIS\startup_LPC54606.s
      At line 275 in file CMSIS\startup_LPC54606.s

MemManage_Handler 0000000C

Symbol: MemManage_Handler
   Definitions
      At line 175 in file CMSIS\startup_LPC54606.s
   Uses
      At line 76 in file CMSIS\startup_LPC54606.s
      At line 176 in file CMSIS\startup_LPC54606.s

NMI_Handler 00000008

Symbol: NMI_Handler



ARM Macro Assembler    Page 12 Alphabetic symbol ordering
Relocatable symbols

   Definitions
      At line 164 in file CMSIS\startup_LPC54606.s
   Uses
      At line 74 in file CMSIS\startup_LPC54606.s
      At line 165 in file CMSIS\startup_LPC54606.s

PIN_INT0_DriverIRQHandler 000000FE

Symbol: PIN_INT0_DriverIRQHandler
   Definitions
      At line 672 in file CMSIS\startup_LPC54606.s
   Uses
      At line 241 in file CMSIS\startup_LPC54606.s
      At line 614 in file CMSIS\startup_LPC54606.s

PIN_INT0_IRQHandler 0000002A

Symbol: PIN_INT0_IRQHandler
   Definitions
      At line 239 in file CMSIS\startup_LPC54606.s
   Uses
      At line 95 in file CMSIS\startup_LPC54606.s
      At line 240 in file CMSIS\startup_LPC54606.s

PIN_INT1_DriverIRQHandler 000000FE

Symbol: PIN_INT1_DriverIRQHandler
   Definitions
      At line 673 in file CMSIS\startup_LPC54606.s
   Uses
      At line 248 in file CMSIS\startup_LPC54606.s
      At line 615 in file CMSIS\startup_LPC54606.s

PIN_INT1_IRQHandler 0000002E

Symbol: PIN_INT1_IRQHandler
   Definitions
      At line 246 in file CMSIS\startup_LPC54606.s
   Uses
      At line 96 in file CMSIS\startup_LPC54606.s
      At line 247 in file CMSIS\startup_LPC54606.s

PIN_INT2_DriverIRQHandler 000000FE

Symbol: PIN_INT2_DriverIRQHandler
   Definitions
      At line 674 in file CMSIS\startup_LPC54606.s
   Uses
      At line 255 in file CMSIS\startup_LPC54606.s
      At line 616 in file CMSIS\startup_LPC54606.s

PIN_INT2_IRQHandler 00000032

Symbol: PIN_INT2_IRQHandler
   Definitions
      At line 253 in file CMSIS\startup_LPC54606.s
   Uses
      At line 97 in file CMSIS\startup_LPC54606.s
      At line 254 in file CMSIS\startup_LPC54606.s



ARM Macro Assembler    Page 13 Alphabetic symbol ordering
Relocatable symbols


PIN_INT3_DriverIRQHandler 000000FE

Symbol: PIN_INT3_DriverIRQHandler
   Definitions
      At line 675 in file CMSIS\startup_LPC54606.s
   Uses
      At line 262 in file CMSIS\startup_LPC54606.s
      At line 617 in file CMSIS\startup_LPC54606.s

PIN_INT3_IRQHandler 00000036

Symbol: PIN_INT3_IRQHandler
   Definitions
      At line 260 in file CMSIS\startup_LPC54606.s
   Uses
      At line 98 in file CMSIS\startup_LPC54606.s
      At line 261 in file CMSIS\startup_LPC54606.s

PIN_INT4_DriverIRQHandler 000000FE

Symbol: PIN_INT4_DriverIRQHandler
   Definitions
      At line 700 in file CMSIS\startup_LPC54606.s
   Uses
      At line 437 in file CMSIS\startup_LPC54606.s
      At line 642 in file CMSIS\startup_LPC54606.s

PIN_INT4_IRQHandler 0000009A

Symbol: PIN_INT4_IRQHandler
   Definitions
      At line 435 in file CMSIS\startup_LPC54606.s
   Uses
      At line 123 in file CMSIS\startup_LPC54606.s
      At line 436 in file CMSIS\startup_LPC54606.s

PIN_INT5_DriverIRQHandler 000000FE

Symbol: PIN_INT5_DriverIRQHandler
   Definitions
      At line 701 in file CMSIS\startup_LPC54606.s
   Uses
      At line 444 in file CMSIS\startup_LPC54606.s
      At line 643 in file CMSIS\startup_LPC54606.s

PIN_INT5_IRQHandler 0000009E

Symbol: PIN_INT5_IRQHandler
   Definitions
      At line 442 in file CMSIS\startup_LPC54606.s
   Uses
      At line 124 in file CMSIS\startup_LPC54606.s
      At line 443 in file CMSIS\startup_LPC54606.s

PIN_INT6_DriverIRQHandler 000000FE

Symbol: PIN_INT6_DriverIRQHandler
   Definitions



ARM Macro Assembler    Page 14 Alphabetic symbol ordering
Relocatable symbols

      At line 702 in file CMSIS\startup_LPC54606.s
   Uses
      At line 451 in file CMSIS\startup_LPC54606.s
      At line 644 in file CMSIS\startup_LPC54606.s

PIN_INT6_IRQHandler 000000A2

Symbol: PIN_INT6_IRQHandler
   Definitions
      At line 449 in file CMSIS\startup_LPC54606.s
   Uses
      At line 125 in file CMSIS\startup_LPC54606.s
      At line 450 in file CMSIS\startup_LPC54606.s

PIN_INT7_DriverIRQHandler 000000FE

Symbol: PIN_INT7_DriverIRQHandler
   Definitions
      At line 703 in file CMSIS\startup_LPC54606.s
   Uses
      At line 458 in file CMSIS\startup_LPC54606.s
      At line 645 in file CMSIS\startup_LPC54606.s

PIN_INT7_IRQHandler 000000A6

Symbol: PIN_INT7_IRQHandler
   Definitions
      At line 456 in file CMSIS\startup_LPC54606.s
   Uses
      At line 126 in file CMSIS\startup_LPC54606.s
      At line 457 in file CMSIS\startup_LPC54606.s

PendSV_Handler 00000016

Symbol: PendSV_Handler
   Definitions
      At line 200 in file CMSIS\startup_LPC54606.s
   Uses
      At line 87 in file CMSIS\startup_LPC54606.s
      At line 201 in file CMSIS\startup_LPC54606.s

RIT_DriverIRQHandler 000000FE

Symbol: RIT_DriverIRQHandler
   Definitions
      At line 706 in file CMSIS\startup_LPC54606.s
   Uses
      At line 479 in file CMSIS\startup_LPC54606.s
      At line 648 in file CMSIS\startup_LPC54606.s

RIT_IRQHandler 000000B2

Symbol: RIT_IRQHandler
   Definitions
      At line 477 in file CMSIS\startup_LPC54606.s
   Uses
      At line 129 in file CMSIS\startup_LPC54606.s
      At line 478 in file CMSIS\startup_LPC54606.s




ARM Macro Assembler    Page 15 Alphabetic symbol ordering
Relocatable symbols

RTC_DriverIRQHandler 000000FE

Symbol: RTC_DriverIRQHandler
   Definitions
      At line 697 in file CMSIS\startup_LPC54606.s
   Uses
      At line 416 in file CMSIS\startup_LPC54606.s
      At line 639 in file CMSIS\startup_LPC54606.s

RTC_IRQHandler 0000008E

Symbol: RTC_IRQHandler
   Definitions
      At line 414 in file CMSIS\startup_LPC54606.s
   Uses
      At line 120 in file CMSIS\startup_LPC54606.s
      At line 415 in file CMSIS\startup_LPC54606.s

Reserved46_DriverIRQHandler 000000FE

Symbol: Reserved46_DriverIRQHandler
   Definitions
      At line 698 in file CMSIS\startup_LPC54606.s
   Uses
      At line 423 in file CMSIS\startup_LPC54606.s
      At line 640 in file CMSIS\startup_LPC54606.s

Reserved46_IRQHandler 00000092

Symbol: Reserved46_IRQHandler
   Definitions
      At line 421 in file CMSIS\startup_LPC54606.s
   Uses
      At line 121 in file CMSIS\startup_LPC54606.s
      At line 422 in file CMSIS\startup_LPC54606.s

Reserved47_DriverIRQHandler 000000FE

Symbol: Reserved47_DriverIRQHandler
   Definitions
      At line 699 in file CMSIS\startup_LPC54606.s
   Uses
      At line 430 in file CMSIS\startup_LPC54606.s
      At line 641 in file CMSIS\startup_LPC54606.s

Reserved47_IRQHandler 00000096

Symbol: Reserved47_IRQHandler
   Definitions
      At line 428 in file CMSIS\startup_LPC54606.s
   Uses
      At line 122 in file CMSIS\startup_LPC54606.s
      At line 429 in file CMSIS\startup_LPC54606.s

Reset_Handler 00000000

Symbol: Reset_Handler
   Definitions
      At line 152 in file CMSIS\startup_LPC54606.s



ARM Macro Assembler    Page 16 Alphabetic symbol ordering
Relocatable symbols

   Uses
      At line 72 in file CMSIS\startup_LPC54606.s
      At line 153 in file CMSIS\startup_LPC54606.s

SCT0_DriverIRQHandler 000000FE

Symbol: SCT0_DriverIRQHandler
   Definitions
      At line 680 in file CMSIS\startup_LPC54606.s
   Uses
      At line 297 in file CMSIS\startup_LPC54606.s
      At line 622 in file CMSIS\startup_LPC54606.s

SCT0_IRQHandler 0000004A

Symbol: SCT0_IRQHandler
   Definitions
      At line 295 in file CMSIS\startup_LPC54606.s
   Uses
      At line 103 in file CMSIS\startup_LPC54606.s
      At line 296 in file CMSIS\startup_LPC54606.s

SDIO_DriverIRQHandler 000000FE

Symbol: SDIO_DriverIRQHandler
   Definitions
      At line 710 in file CMSIS\startup_LPC54606.s
   Uses
      At line 507 in file CMSIS\startup_LPC54606.s
      At line 652 in file CMSIS\startup_LPC54606.s

SDIO_IRQHandler 000000C2

Symbol: SDIO_IRQHandler
   Definitions
      At line 505 in file CMSIS\startup_LPC54606.s
   Uses
      At line 133 in file CMSIS\startup_LPC54606.s
      At line 506 in file CMSIS\startup_LPC54606.s

SHA_DriverIRQHandler 000000FE

Symbol: SHA_DriverIRQHandler
   Definitions
      At line 722 in file CMSIS\startup_LPC54606.s
   Uses
      At line 591 in file CMSIS\startup_LPC54606.s
      At line 664 in file CMSIS\startup_LPC54606.s

SHA_IRQHandler 000000F2

Symbol: SHA_IRQHandler
   Definitions
      At line 589 in file CMSIS\startup_LPC54606.s
   Uses
      At line 145 in file CMSIS\startup_LPC54606.s
      At line 590 in file CMSIS\startup_LPC54606.s

SMARTCARD0_DriverIRQHandler 000000FE



ARM Macro Assembler    Page 17 Alphabetic symbol ordering
Relocatable symbols


Symbol: SMARTCARD0_DriverIRQHandler
   Definitions
      At line 723 in file CMSIS\startup_LPC54606.s
   Uses
      At line 598 in file CMSIS\startup_LPC54606.s
      At line 665 in file CMSIS\startup_LPC54606.s

SMARTCARD0_IRQHandler 000000F6

Symbol: SMARTCARD0_IRQHandler
   Definitions
      At line 596 in file CMSIS\startup_LPC54606.s
   Uses
      At line 146 in file CMSIS\startup_LPC54606.s
      At line 597 in file CMSIS\startup_LPC54606.s

SMARTCARD1_DriverIRQHandler 000000FE

Symbol: SMARTCARD1_DriverIRQHandler
   Definitions
      At line 724 in file CMSIS\startup_LPC54606.s
   Uses
      At line 605 in file CMSIS\startup_LPC54606.s
      At line 666 in file CMSIS\startup_LPC54606.s

SMARTCARD1_IRQHandler 000000FA

Symbol: SMARTCARD1_IRQHandler
   Definitions
      At line 603 in file CMSIS\startup_LPC54606.s
   Uses
      At line 147 in file CMSIS\startup_LPC54606.s
      At line 604 in file CMSIS\startup_LPC54606.s

SPIFI0_DriverIRQHandler 000000FE

Symbol: SPIFI0_DriverIRQHandler
   Definitions
      At line 707 in file CMSIS\startup_LPC54606.s
   Uses
      At line 486 in file CMSIS\startup_LPC54606.s
      At line 649 in file CMSIS\startup_LPC54606.s

SPIFI0_IRQHandler 000000B6

Symbol: SPIFI0_IRQHandler
   Definitions
      At line 484 in file CMSIS\startup_LPC54606.s
   Uses
      At line 130 in file CMSIS\startup_LPC54606.s
      At line 485 in file CMSIS\startup_LPC54606.s

SVC_Handler 00000012

Symbol: SVC_Handler
   Definitions
      At line 190 in file CMSIS\startup_LPC54606.s
   Uses



ARM Macro Assembler    Page 18 Alphabetic symbol ordering
Relocatable symbols

      At line 84 in file CMSIS\startup_LPC54606.s
      At line 191 in file CMSIS\startup_LPC54606.s

SysTick_Handler 00000018

Symbol: SysTick_Handler
   Definitions
      At line 205 in file CMSIS\startup_LPC54606.s
   Uses
      At line 88 in file CMSIS\startup_LPC54606.s
      At line 206 in file CMSIS\startup_LPC54606.s

USB0_DriverIRQHandler 000000FE

Symbol: USB0_DriverIRQHandler
   Definitions
      At line 696 in file CMSIS\startup_LPC54606.s
   Uses
      At line 409 in file CMSIS\startup_LPC54606.s
      At line 638 in file CMSIS\startup_LPC54606.s

USB0_IRQHandler 0000008A

Symbol: USB0_IRQHandler
   Definitions
      At line 407 in file CMSIS\startup_LPC54606.s
   Uses
      At line 119 in file CMSIS\startup_LPC54606.s
      At line 408 in file CMSIS\startup_LPC54606.s

USB0_NEEDCLK_DriverIRQHandler 000000FE

Symbol: USB0_NEEDCLK_DriverIRQHandler
   Definitions
      At line 695 in file CMSIS\startup_LPC54606.s
   Uses
      At line 402 in file CMSIS\startup_LPC54606.s
      At line 637 in file CMSIS\startup_LPC54606.s

USB0_NEEDCLK_IRQHandler 00000086

Symbol: USB0_NEEDCLK_IRQHandler
   Definitions
      At line 400 in file CMSIS\startup_LPC54606.s
   Uses
      At line 118 in file CMSIS\startup_LPC54606.s
      At line 401 in file CMSIS\startup_LPC54606.s

USB1_DriverIRQHandler 000000FE

Symbol: USB1_DriverIRQHandler
   Definitions
      At line 715 in file CMSIS\startup_LPC54606.s
   Uses
      At line 542 in file CMSIS\startup_LPC54606.s
      At line 657 in file CMSIS\startup_LPC54606.s

USB1_IRQHandler 000000D6




ARM Macro Assembler    Page 19 Alphabetic symbol ordering
Relocatable symbols

Symbol: USB1_IRQHandler
   Definitions
      At line 540 in file CMSIS\startup_LPC54606.s
   Uses
      At line 138 in file CMSIS\startup_LPC54606.s
      At line 541 in file CMSIS\startup_LPC54606.s

USB1_NEEDCLK_DriverIRQHandler 000000FE

Symbol: USB1_NEEDCLK_DriverIRQHandler
   Definitions
      At line 716 in file CMSIS\startup_LPC54606.s
   Uses
      At line 549 in file CMSIS\startup_LPC54606.s
      At line 658 in file CMSIS\startup_LPC54606.s

USB1_NEEDCLK_IRQHandler 000000DA

Symbol: USB1_NEEDCLK_IRQHandler
   Definitions
      At line 547 in file CMSIS\startup_LPC54606.s
   Uses
      At line 139 in file CMSIS\startup_LPC54606.s
      At line 548 in file CMSIS\startup_LPC54606.s

UTICK0_DriverIRQHandler 000000FE

Symbol: UTICK0_DriverIRQHandler
   Definitions
      At line 676 in file CMSIS\startup_LPC54606.s
   Uses
      At line 269 in file CMSIS\startup_LPC54606.s
      At line 618 in file CMSIS\startup_LPC54606.s

UTICK0_IRQHandler 0000003A

Symbol: UTICK0_IRQHandler
   Definitions
      At line 267 in file CMSIS\startup_LPC54606.s
   Uses
      At line 99 in file CMSIS\startup_LPC54606.s
      At line 268 in file CMSIS\startup_LPC54606.s

UsageFault_Handler 00000010

Symbol: UsageFault_Handler
   Definitions
      At line 185 in file CMSIS\startup_LPC54606.s
   Uses
      At line 78 in file CMSIS\startup_LPC54606.s
      At line 186 in file CMSIS\startup_LPC54606.s

WDT_BOD_DriverIRQHandler 000000FE

Symbol: WDT_BOD_DriverIRQHandler
   Definitions
      At line 668 in file CMSIS\startup_LPC54606.s
   Uses
      At line 213 in file CMSIS\startup_LPC54606.s



ARM Macro Assembler    Page 20 Alphabetic symbol ordering
Relocatable symbols

      At line 610 in file CMSIS\startup_LPC54606.s

WDT_BOD_IRQHandler 0000001A

Symbol: WDT_BOD_IRQHandler
   Definitions
      At line 211 in file CMSIS\startup_LPC54606.s
   Uses
      At line 91 in file CMSIS\startup_LPC54606.s
      At line 212 in file CMSIS\startup_LPC54606.s

__user_initial_stackheap 00000100

Symbol: __user_initial_stackheap
   Definitions
      At line 746 in file CMSIS\startup_LPC54606.s
   Uses
      At line 745 in file CMSIS\startup_LPC54606.s
Comment: __user_initial_stackheap used once
127 symbols



ARM Macro Assembler    Page 1 Alphabetic symbol ordering
Absolute symbols

Heap_Size 00001000

Symbol: Heap_Size
   Definitions
      At line 57 in file CMSIS\startup_LPC54606.s
   Uses
      At line 61 in file CMSIS\startup_LPC54606.s
      At line 750 in file CMSIS\startup_LPC54606.s

Stack_Size 00002000

Symbol: Stack_Size
   Definitions
      At line 46 in file CMSIS\startup_LPC54606.s
   Uses
      At line 49 in file CMSIS\startup_LPC54606.s
      At line 749 in file CMSIS\startup_LPC54606.s

2 symbols



ARM Macro Assembler    Page 1 Alphabetic symbol ordering
External symbols

SystemInit 00000000

Symbol: SystemInit
   Definitions
      At line 154 in file CMSIS\startup_LPC54606.s
   Uses
      At line 157 in file CMSIS\startup_LPC54606.s
Comment: SystemInit used once
__main 00000000

Symbol: __main
   Definitions
      At line 155 in file CMSIS\startup_LPC54606.s
   Uses
      At line 159 in file CMSIS\startup_LPC54606.s
Comment: __main used once
__use_two_region_memory 00000000

Symbol: __use_two_region_memory
   Definitions
      At line 744 in file CMSIS\startup_LPC54606.s
   Uses
      None
Comment: __use_two_region_memory unused
3 symbols
479 symbols in table
